<?xml version="1.0" encoding="UTF-8"?>
<!-- Generated by org.testng.reporters.JUnitXMLReporter -->
<testsuite ignored="0" hostname="DESKTOP-G8U2059" failures="1" tests="2" name="Run on Chrome" time="16.033" errors="0" timestamp="01 Oct 2022 07:12:37 GMT">
  <testcase classname="com.nopcommerce.user.Level_15_ExtentV5_Screenshot" name="User_01_Register" time="4.378"/>
  <testcase classname="com.nopcommerce.user.Level_15_ExtentV5_Screenshot" name="User_02_Login" time="2.708">
    <failure type="java.lang.AssertionError" message="expected [false] but found [true]">
      <![CDATA[java.lang.AssertionError: expected [false] but found [true]
at com.nopcommerce.user.Level_15_ExtentV5_Screenshot.User_02_Login(Level_15_ExtentV5_Screenshot.java:91)
... Removed 29 stack frames]]>
    </failure>
  </testcase> <!-- User_02_Login -->
</testsuite> <!-- Run on Chrome -->
